<?xml version="1.0" encoding="UTF-8"?>
<!-- Generated by org.testng.reporters.JUnitReportReporter -->
<testsuite skipped="0" hostname="LAPTOP-7E8MEQAQ" name="autotest.TestNGpriority" tests="5" failures="0" timestamp="2022-04-19T17:16:23 IST" time="0.014" errors="0">
  <testcase name="cTest" time="0.014" classname="autotest.TestNGpriority"/>
  <system-out/>
  <testcase name="eTest" time="0.000" classname="autotest.TestNGpriority"/>
  <system-out/>
  <testcase name="dTest" time="0.000" classname="autotest.TestNGpriority"/>
  <system-out/>
  <testcase name="aTest" time="0.000" classname="autotest.TestNGpriority"/>
  <system-out/>
  <testcase name="bTest" time="0.000" classname="autotest.TestNGpriority"/>
  <system-out/>
</testsuite> <!-- autotest.TestNGpriority -->
