<?xml version="1.0" encoding="UTF-8"?>
<!-- Generated by org.testng.reporters.JUnitReportReporter -->
<testsuite skipped="1" hostname="LAPTOP-7E8MEQAQ" name="autotest.TestNGAttributes" tests="5" failures="0" timestamp="2022-04-20T09:54:17 IST" time="0.015" errors="0">
  <testcase name="baseTest" time="0.010" classname="autotest.TestNGAttributes"/>
  <system-out/>
  <testcase name="firstDependentTest" time="0.001" classname="autotest.TestNGAttributes"/>
  <system-out/>
  <testcase name="secondDependentTest" time="0.002" classname="autotest.TestNGAttributes"/>
  <system-out/>
  <testcase name="invocationCountTest" time="0.002" classname="autotest.TestNGAttributes"/>
  <system-out/>
  <testcase name="disabledTest" classname="autotest.TestNGAttributes">
    <skipped/>
  </testcase> <!-- disabledTest -->
  <system-out/>
</testsuite> <!-- autotest.TestNGAttributes -->
