<?xml version="1.0" encoding="UTF-8"?>
<!-- Generated by org.testng.reporters.JUnitReportReporter -->
<testsuite skipped="0" hostname="LAPTOP-7E8MEQAQ" name="autotest.TestNGAnnotation" tests="2" failures="0" timestamp="2022-04-19T16:26:52 IST" time="0.001" errors="0">
  <testcase name="testCase1" time="0.000" classname="autotest.TestNGAnnotation"/>
  <system-out/>
  <testcase name="testCase2" time="0.001" classname="autotest.TestNGAnnotation"/>
  <system-out/>
</testsuite> <!-- autotest.TestNGAnnotation -->
