<?xml version="1.0" encoding="UTF-8"?>
<!-- Generated by org.testng.reporters.JUnitReportReporter -->
<testsuite skipped="0" hostname="LAPTOP-7E8MEQAQ" name="autotest.VerifySetup" tests="1" failures="0" timestamp="2022-04-19T12:40:35 IST" time="0.006" errors="0">
  <testcase name="verifySetup" time="0.006" classname="autotest.VerifySetup"/>
  <system-out/>
</testsuite> <!-- autotest.VerifySetup -->
